TN:
SF:C:\Users\Nicol\Desktop\Master1\GameOfLife\gameoflife-nge-lbr\src\App.vue
FN:6,(anonymous_1)
FN:23,(anonymous_2)
FN:27,(anonymous_3)
FN:32,(anonymous_4)
FN:36,(anonymous_5)
FN:42,(anonymous_6)
FN:57,(anonymous_7)
FN:93,(anonymous_8)
FN:114,(anonymous_9)
FN:117,(anonymous_10)
FN:120,(anonymous_11)
FN:123,(anonymous_12)
FN:126,(anonymous_13)
FN:141,(anonymous_14)
FN:147,(anonymous_15)
FN:150,(anonymous_16)
FN:156,(anonymous_17)
FN:161,(anonymous_18)
FN:165,(anonymous_19)
FNF:19
FNH:16
FNDA:7,(anonymous_1)
FNDA:0,(anonymous_2)
FNDA:0,(anonymous_3)
FNDA:7,(anonymous_4)
FNDA:7501,(anonymous_5)
FNDA:8,(anonymous_6)
FNDA:2,(anonymous_7)
FNDA:2,(anonymous_8)
FNDA:24000,(anonymous_9)
FNDA:12000,(anonymous_10)
FNDA:12000,(anonymous_11)
FNDA:12000,(anonymous_12)
FNDA:1500,(anonymous_13)
FNDA:12000,(anonymous_14)
FNDA:1,(anonymous_15)
FNDA:2,(anonymous_16)
FNDA:0,(anonymous_17)
FNDA:1,(anonymous_18)
FNDA:1,(anonymous_19)
DA:1,1
DA:7,7
DA:24,0
DA:25,0
DA:28,0
DA:29,0
DA:33,7
DA:37,7501
DA:38,7501
DA:39,7501
DA:40,7501
DA:43,8
DA:45,8
DA:46,200
DA:47,200
DA:48,6000
DA:52,6000
DA:54,200
DA:58,2
DA:60,2
DA:61,50
DA:66,1500
DA:67,1500
DA:68,1500
DA:70,1500
DA:71,1500
DA:72,0
DA:73,0
DA:75,1500
DA:76,1500
DA:77,0
DA:78,0
DA:82,1500
DA:87,1500
DA:91,2
DA:94,2
DA:95,2
DA:96,2
DA:97,50
DA:98,50
DA:103,1500
DA:104,1500
DA:105,0
DA:107,1500
DA:112,2
DA:115,24000
DA:118,12000
DA:121,12000
DA:124,12000
DA:127,1500
DA:128,1500
DA:130,1500
DA:141,1500
DA:142,12000
DA:145,1500
DA:148,1
DA:151,2
DA:152,1
DA:153,1
DA:157,0
DA:158,0
DA:159,0
DA:162,1
DA:163,1
DA:166,1
DA:167,1
DA:168,1
DA:169,1
LF:68
LH:56
BRDA:70,0,0,1500
BRDA:70,0,1,1500
BRDA:71,1,0,0
BRDA:71,1,1,1500
BRDA:71,2,0,1500
BRDA:71,2,1,0
BRDA:71,2,2,0
BRDA:73,3,0,0
BRDA:73,3,1,0
BRDA:75,4,0,1500
BRDA:75,4,1,1500
BRDA:76,5,0,0
BRDA:76,5,1,1500
BRDA:76,6,0,1500
BRDA:76,6,1,1500
BRDA:78,7,0,0
BRDA:78,7,1,0
BRDA:104,8,0,0
BRDA:104,8,1,1500
BRDA:142,9,0,0
BRDA:142,9,1,12000
BRDA:151,10,0,1
BRDA:151,10,1,1
BRF:23
BRH:13
end_of_record
TN:
SF:C:\Users\Nicol\Desktop\Master1\GameOfLife\gameoflife-nge-lbr\src\scripts\functions.js
FN:6,(anonymous_0)
FN:23,(anonymous_1)
FN:27,(anonymous_2)
FN:32,(anonymous_3)
FN:36,(anonymous_4)
FN:42,(anonymous_5)
FN:57,(anonymous_6)
FN:93,(anonymous_7)
FN:114,(anonymous_8)
FN:117,(anonymous_9)
FN:120,(anonymous_10)
FN:123,(anonymous_11)
FN:126,(anonymous_12)
FN:141,(anonymous_13)
FN:147,(anonymous_14)
FN:150,(anonymous_15)
FN:156,(anonymous_16)
FN:161,(anonymous_17)
FN:165,(anonymous_18)
FNF:19
FNH:16
FNDA:6,(anonymous_0)
FNDA:0,(anonymous_1)
FNDA:0,(anonymous_2)
FNDA:6,(anonymous_3)
FNDA:6751,(anonymous_4)
FNDA:7,(anonymous_5)
FNDA:2,(anonymous_6)
FNDA:2,(anonymous_7)
FNDA:24000,(anonymous_8)
FNDA:12000,(anonymous_9)
FNDA:12000,(anonymous_10)
FNDA:12000,(anonymous_11)
FNDA:1500,(anonymous_12)
FNDA:12000,(anonymous_13)
FNDA:1,(anonymous_14)
FNDA:2,(anonymous_15)
FNDA:0,(anonymous_16)
FNDA:1,(anonymous_17)
FNDA:1,(anonymous_18)
DA:7,6
DA:24,0
DA:25,0
DA:28,0
DA:29,0
DA:33,6
DA:37,6751
DA:38,6751
DA:39,6751
DA:40,6751
DA:43,7
DA:45,7
DA:46,175
DA:47,175
DA:48,5250
DA:52,5250
DA:54,175
DA:58,2
DA:60,2
DA:61,50
DA:62,50
DA:66,1500
DA:67,1500
DA:68,1500
DA:70,1500
DA:71,1500
DA:72,0
DA:73,0
DA:75,1500
DA:76,1500
DA:77,0
DA:78,0
DA:79,0
DA:82,1500
DA:87,1500
DA:91,2
DA:94,2
DA:95,2
DA:96,2
DA:97,50
DA:98,50
DA:99,50
DA:103,1500
DA:104,1500
DA:105,0
DA:107,1500
DA:112,2
DA:115,24000
DA:118,12000
DA:121,12000
DA:124,12000
DA:127,1500
DA:128,1500
DA:130,1500
DA:141,1500
DA:142,12000
DA:145,1500
DA:148,1
DA:151,2
DA:152,1
DA:153,1
DA:157,0
DA:158,0
DA:159,0
DA:162,1
DA:163,1
DA:166,1
DA:167,1
DA:168,1
DA:169,1
LF:70
LH:57
BRDA:70,0,0,0
BRDA:70,0,1,1500
BRDA:70,1,0,1500
BRDA:70,1,1,0
BRDA:71,2,0,0
BRDA:71,2,1,1500
BRDA:71,3,0,1500
BRDA:71,3,1,0
BRDA:71,3,2,0
BRDA:73,4,0,0
BRDA:73,4,1,0
BRDA:75,5,0,0
BRDA:75,5,1,1500
BRDA:75,6,0,1500
BRDA:75,6,1,0
BRDA:76,7,0,0
BRDA:76,7,1,1500
BRDA:76,8,0,1500
BRDA:76,8,1,1500
BRDA:78,9,0,0
BRDA:78,9,1,0
BRDA:104,10,0,0
BRDA:104,10,1,1500
BRDA:142,11,0,0
BRDA:142,11,1,12000
BRDA:151,12,0,1
BRDA:151,12,1,1
BRF:27
BRH:13
end_of_record
