TN:
SF:dist\js\webpack:\(webpack)\buildin\module.js
FN:1,(anonymous_2059)
FN:3,(anonymous_2060)
FN:9,(anonymous_2061)
FN:15,(anonymous_2062)
FNF:4
FNH:1
FNDA:1,(anonymous_2059)
FNDA:0,(anonymous_2060)
FNDA:0,(anonymous_2061)
FNDA:0,(anonymous_2062)
DA:1,1
DA:2,1
DA:3,1
DA:4,1
DA:6,2
DA:7,1
DA:10,0
DA:13,1
DA:16,0
DA:19,1
DA:21,1
LF:11
LH:9
BRDA:2,0,0,1
BRDA:2,0,1,0
BRDA:6,1,0,1
BRDA:6,1,1,0
BRF:4
BRH:2
end_of_record
TN:
SF:dist\js\webpack:\tests\unit\test.spec.js
FN:5,(anonymous_2077)
FN:6,(anonymous_2078)
FN:13,(anonymous_2079)
FN:18,(anonymous_2080)
FNF:4
FNH:4
FNDA:1,(anonymous_2077)
FNDA:1,(anonymous_2078)
FNDA:1,(anonymous_2079)
FNDA:1,(anonymous_2080)
DA:1,1
DA:2,1
DA:3,1
DA:5,1
DA:6,1
DA:7,1
DA:8,1
DA:11,1
DA:13,1
DA:14,1
DA:15,1
DA:16,1
DA:18,1
DA:19,1
DA:20,1
DA:21,1
LF:16
LH:16
BRF:0
BRH:0
end_of_record
